-------------------------------------------------------------------------------
Test set: com.nhs.project.TestRunner
-------------------------------------------------------------------------------
Tests run: 1, Failures: 1, Errors: 0, Skipped: 0, Time elapsed: 8.629 s <<< FAILURE! - in com.nhs.project.TestRunner
feature(com.nhs.project.TestRunner)  Time elapsed: 6.592 s  <<< FAILURE!
cucumber.runtime.CucumberException: java.lang.ExceptionInInitializerError
Caused by: java.lang.ExceptionInInitializerError
Caused by: java.lang.reflect.InaccessibleObjectException: Unable to make field private final java.util.Comparator java.util.TreeMap.comparator accessible: module java.base does not "opens java.util" to unnamed module @6537cf78

