<?xml version="1.0" encoding="UTF-8"?>
<testsuite xmlns:xsi="http://www.w3.org/2001/XMLSchema-instance" xsi:noNamespaceSchemaLocation="https://maven.apache.org/surefire/maven-surefire-plugin/xsd/surefire-test-report.xsd" name="com.nhs.project.TestRunner" time="8.629" tests="1" errors="0" skipped="0" failures="1">
  <properties>
[...]
</properties>
  <testcase name="feature" classname="com.nhs.project.TestRunner" time="6.592">
    <failure message="java.lang.ExceptionInInitializerError" type="cucumber.runtime.CucumberException">cucumber.runtime.CucumberException: java.lang.ExceptionInInitializerError
Caused by: java.lang.ExceptionInInitializerError
Caused by: java.lang.reflect.InaccessibleObjectException: Unable to make field private final java.util.Comparator java.util.TreeMap.comparator accessible: module java.base does not "opens java.util" to unnamed module @6537cf78
</failure>
    <system-out><![CDATA[@EndToEndJourney
Feature: NHS Eligibility checker
  
  	As a person from Wales
  	I need to know what help I can get with my NHS costs
  	So that I can get the treatment I need

  Background:                                        &amp#27;[90m# eligibilityChecker.feature:8&amp#27;[0m
    &amp#27;[31mGiven &amp#27;[0m&amp#27;[31mI navigate to NHS eligibility checker tool&amp#27;[0m &amp#27;[90m# EndToEndJourney.i_navigate_to_NHS_eligibility_checker_tool()&amp#27;[0m
      &amp#27;[31mjava.lang.ExceptionInInitializerError
      	at cucumber.deps.com.thoughtworks.xstream.XStream.setupConverters(XStream.java:820)
      	at cucumber.deps.com.thoughtworks.xstream.XStream.<init>(XStream.java:574)
      	at cucumber.deps.com.thoughtworks.xstream.XStream.<init>(XStream.java:530)
      	at cucumber.runtime.xstream.LocalizedXStreams$LocalizedXStream.<init>(LocalizedXStreams.java:50)
      	at cucumber.runtime.xstream.LocalizedXStreams.newXStream(LocalizedXStreams.java:37)
      	at cucumber.runtime.xstream.LocalizedXStreams.get(LocalizedXStreams.java:29)
      	at cucumber.runtime.StepDefinitionMatch.runStep(StepDefinitionMatch.java:37)
      	at cucumber.runtime.Runtime.runStep(Runtime.java:300)
      	at cucumber.runtime.model.StepContainer.runStep(StepContainer.java:44)
      	at cucumber.runtime.model.StepContainer.runSteps(StepContainer.java:39)
      	at cucumber.runtime.model.CucumberScenario.runBackground(CucumberScenario.java:59)
      	at cucumber.runtime.model.CucumberScenario.run(CucumberScenario.java:42)
      	at cucumber.runtime.model.CucumberFeature.run(CucumberFeature.java:165)
      	at cucumber.api.testng.TestNGCucumberRunner.runCucumber(TestNGCucumberRunner.java:63)
      	at cucumber.api.testng.AbstractTestNGCucumberTests.feature(AbstractTestNGCucumberTests.java:21)
      	at java.base/jdk.internal.reflect.NativeMethodAccessorImpl.invoke0(Native Method)
      	at java.base/jdk.internal.reflect.NativeMethodAccessorImpl.invoke(NativeMethodAccessorImpl.java:78)
      	at java.base/jdk.internal.reflect.DelegatingMethodAccessorImpl.invoke(DelegatingMethodAccessorImpl.java:43)
      	at java.base/java.lang.reflect.Method.invoke(Method.java:567)
      	at org.testng.internal.MethodInvocationHelper.invokeMethod(MethodInvocationHelper.java:124)
      	at org.testng.internal.Invoker.invokeMethod(Invoker.java:583)
      	at org.testng.internal.Invoker.invokeTestMethod(Invoker.java:719)
      	at org.testng.internal.Invoker.invokeTestMethods(Invoker.java:989)
      	at org.testng.internal.TestMethodWorker.invokeTestMethods(TestMethodWorker.java:125)
      	at org.testng.internal.TestMethodWorker.run(TestMethodWorker.java:109)
      	at org.testng.TestRunner.privateRun(TestRunner.java:648)
      	at org.testng.TestRunner.run(TestRunner.java:505)
      	at org.testng.SuiteRunner.runTest(SuiteRunner.java:455)
      	at org.testng.SuiteRunner.runSequentially(SuiteRunner.java:450)
      	at org.testng.SuiteRunner.privateRun(SuiteRunner.java:415)
      	at org.testng.SuiteRunner.run(SuiteRunner.java:364)
      	at org.testng.SuiteRunnerWorker.runSuite(SuiteRunnerWorker.java:52)
      	at org.testng.SuiteRunnerWorker.run(SuiteRunnerWorker.java:84)
      	at org.testng.TestNG.runSuitesSequentially(TestNG.java:1208)
      	at org.testng.TestNG.runSuitesLocally(TestNG.java:1137)
      	at org.testng.TestNG.runSuites(TestNG.java:1049)
      	at org.testng.TestNG.run(TestNG.java:1017)
      	at org.apache.maven.surefire.testng.TestNGExecutor.run(TestNGExecutor.java:135)
      	at org.apache.maven.surefire.testng.TestNGDirectoryTestSuite.executeSingleClass(TestNGDirectoryTestSuite.java:112)
      	at org.apache.maven.surefire.testng.TestNGDirectoryTestSuite.execute(TestNGDirectoryTestSuite.java:99)
      	at org.apache.maven.surefire.testng.TestNGProvider.invoke(TestNGProvider.java:146)
      	at org.apache.maven.surefire.booter.ForkedBooter.invokeProviderInSameClassLoader(ForkedBooter.java:386)
      	at org.apache.maven.surefire.booter.ForkedBooter.runSuitesInProcess(ForkedBooter.java:323)
      	at org.apache.maven.surefire.booter.ForkedBooter.main(ForkedBooter.java:143)
      	at ?.Given I navigate to NHS eligibility checker tool(eligibilityChecker.feature:10)
      Caused by: java.lang.reflect.InaccessibleObjectException: Unable to make field private final java.util.Comparator java.util.TreeMap.comparator accessible: module java.base does not "opens java.util" to unnamed module @6537cf78
      	at java.base/java.lang.reflect.AccessibleObject.checkCanSetAccessible(AccessibleObject.java:357)
      	at java.base/java.lang.reflect.AccessibleObject.checkCanSetAccessible(AccessibleObject.java:297)
      	at java.base/java.lang.reflect.Field.checkCanSetAccessible(Field.java:177)
      	at java.base/java.lang.reflect.Field.setAccessible(Field.java:171)
      	at cucumber.deps.com.thoughtworks.xstream.core.util.Fields.locate(Fields.java:39)
      	at cucumber.deps.com.thoughtworks.xstream.converters.collections.TreeMapConverter.<clinit>(TreeMapConverter.java:50)
      	at cucumber.deps.com.thoughtworks.xstream.XStream.setupConverters(XStream.java:820)
      	at cucumber.deps.com.thoughtworks.xstream.XStream.<init>(XStream.java:574)
      	at cucumber.deps.com.thoughtworks.xstream.XStream.<init>(XStream.java:530)
      	at cucumber.runtime.xstream.LocalizedXStreams$LocalizedXStream.<init>(LocalizedXStreams.java:50)
      	at cucumber.runtime.xstream.LocalizedXStreams.newXStream(LocalizedXStreams.java:37)
      	at cucumber.runtime.xstream.LocalizedXStreams.get(LocalizedXStreams.java:29)
      	at cucumber.runtime.StepDefinitionMatch.runStep(StepDefinitionMatch.java:37)
      	at cucumber.runtime.Runtime.runStep(Runtime.java:300)
      	at cucumber.runtime.model.StepContainer.runStep(StepContainer.java:44)
      	at cucumber.runtime.model.StepContainer.runSteps(StepContainer.java:39)
      	at cucumber.runtime.model.CucumberScenario.runBackground(CucumberScenario.java:59)
      	at cucumber.runtime.model.CucumberScenario.run(CucumberScenario.java:42)
      	at cucumber.runtime.model.CucumberFeature.run(CucumberFeature.java:165)
      	at cucumber.api.testng.TestNGCucumberRunner.runCucumber(TestNGCucumberRunner.java:63)
      	at cucumber.api.testng.AbstractTestNGCucumberTests.feature(AbstractTestNGCucumberTests.java:21)
      	at java.base/jdk.internal.reflect.NativeMethodAccessorImpl.invoke0(Native Method)
      	at java.base/jdk.internal.reflect.NativeMethodAccessorImpl.invoke(NativeMethodAccessorImpl.java:78)
      	at java.base/jdk.internal.reflect.DelegatingMethodAccessorImpl.invoke(DelegatingMethodAccessorImpl.java:43)
      	at java.base/java.lang.reflect.Method.invoke(Method.java:567)
      	at org.testng.internal.MethodInvocationHelper.invokeMethod(MethodInvocationHelper.java:124)
      	at org.testng.internal.Invoker.invokeMethod(Invoker.java:583)
      	at org.testng.internal.Invoker.invokeTestMethod(Invoker.java:719)
      	at org.testng.internal.Invoker.invokeTestMethods(Invoker.java:989)
      	at org.testng.internal.TestMethodWorker.invokeTestMethods(TestMethodWorker.java:125)
      	at org.testng.internal.TestMethodWorker.run(TestMethodWorker.java:109)
      	at org.testng.TestRunner.privateRun(TestRunner.java:648)
      	at org.testng.TestRunner.run(TestRunner.java:505)
      	at org.testng.SuiteRunner.runTest(SuiteRunner.java:455)
      	at org.testng.SuiteRunner.runSequentially(SuiteRunner.java:450)
      	at org.testng.SuiteRunner.privateRun(SuiteRunner.java:415)
      	at org.testng.SuiteRunner.run(SuiteRunner.java:364)
      	at org.testng.SuiteRunnerWorker.runSuite(SuiteRunnerWorker.java:52)
      	at org.testng.SuiteRunnerWorker.run(SuiteRunnerWorker.java:84)
      	at org.testng.TestNG.runSuitesSequentially(TestNG.java:1208)
      	at org.testng.TestNG.runSuitesLocally(TestNG.java:1137)
      	at org.testng.TestNG.runSuites(TestNG.java:1049)
      	at org.testng.TestNG.run(TestNG.java:1017)
      	at org.apache.maven.surefire.testng.TestNGExecutor.run(TestNGExecutor.java:135)
      	at org.apache.maven.surefire.testng.TestNGDirectoryTestSuite.executeSingleClass(TestNGDirectoryTestSuite.java:112)
      	at org.apache.maven.surefire.testng.TestNGDirectoryTestSuite.execute(TestNGDirectoryTestSuite.java:99)
      	at org.apache.maven.surefire.testng.TestNGProvider.invoke(TestNGProvider.java:146)
      	at org.apache.maven.surefire.booter.ForkedBooter.invokeProviderInSameClassLoader(ForkedBooter.java:386)
      	at org.apache.maven.surefire.booter.ForkedBooter.runSuitesInProcess(ForkedBooter.java:323)
      	at org.apache.maven.surefire.booter.ForkedBooter.main(ForkedBooter.java:143)
      &amp#27;[0m
&amp#27;[34mCurrent Page URL is data:,&amp#27;[0m

  Scenario: Wales Test Ticket - Acceptance Criteria              &amp#27;[90m# eligibilityChecker.feature:12&amp#27;[0m
    &amp#27;[36mGiven &amp#27;[0m&amp#27;[36mI am a person from Wales&amp#27;[0m                               &amp#27;[90m# EndToEndJourney.i_am_a_person_from_Wales()&amp#27;[0m
    &amp#27;[36mWhen &amp#27;[0m&amp#27;[36mI put my circumstances into the Checker tool&amp#27;[0m            &amp#27;[90m# EndToEndJourney.i_put_my_circumstances_into_the_Checker_tool()&amp#27;[0m
    &amp#27;[36mThen &amp#27;[0m&amp#27;[36mI should get a result of whether I will get help or not&amp#27;[0m &amp#27;[90m# EndToEndJourney.i_should_get_a_result_of_whether_I_will_get_help_or_not()&amp#27;[0m
]]></system-out>
    <system-err><![CDATA[Starting ChromeDriver 91.0.4472.101 (af52a90bf87030dd1523486a1cd3ae25c5d76c9b-refs/branch-heads/4472@{#1462}) on port 25341
Only local connections are allowed.
Please see https://chromedriver.chromium.org/security-considerations for suggestions on keeping ChromeDriver safe.
ChromeDriver was started successfully.
Jun 27, 2021 8:08:44 PM org.openqa.selenium.remote.ProtocolHandshake createSession
INFO: Detected dialect: W3C
]]></system-err>
  </testcase>
</testsuite>